# JRE version: OpenJDK Runtime Environment (11.0.15) (build 11.0.15+0-b2043.56-9505619)
# Java VM: OpenJDK 64-Bit Server VM (11.0.15+0-b2043.56-9505619, mixed mode, tiered, compressed oops, g1 gc, windows-amd64)
Heap:
 garbage-first heap   total 258048K, used 181345K [0x0000000080000000, 0x0000000100000000)
  region size 1024K, 75 young (76800K), 7 survivors (7168K)
 Metaspace       used 106194K, capacity 109085K, committed 109232K, reserved 1144832K
  class space    used 13264K, capacity 14325K, committed 14336K, reserved 1048576K
GC Heap History (20 events):
Event: 5.385 GC heap before
{Heap before GC invocations=8 (full 0):
 garbage-first heap   total 258048K, used 79150K [0x0000000080000000, 0x0000000100000000)
  region size 1024K, 49 young (50176K), 19 survivors (19456K)
 Metaspace       used 58598K, capacity 60136K, committed 60240K, reserved 1101824K
  class space    used 7346K, capacity 7925K, committed 7936K, reserved 1048576K
}
Event: 5.395 GC heap after
{Heap after GC invocations=9 (full 0):
 garbage-first heap   total 258048K, used 51866K [0x0000000080000000, 0x0000000100000000)
  region size 1024K, 3 young (3072K), 3 survivors (3072K)
 Metaspace       used 58598K, capacity 60136K, committed 60240K, reserved 1101824K
  class space    used 7346K, capacity 7925K, committed 7936K, reserved 1048576K
}
Event: 6.308 GC heap before
{Heap before GC invocations=10 (full 0):
 garbage-first heap   total 258048K, used 182938K [0x0000000080000000, 0x0000000100000000)
  region size 1024K, 124 young (126976K), 3 survivors (3072K)
 Metaspace       used 69605K, capacity 71278K, committed 71600K, reserved 1112064K
  class space    used 8737K, capacity 9370K, committed 9472K, reserved 1048576K
}
Event: 6.312 GC heap after
{Heap after GC invocations=11 (full 0):
 garbage-first heap   total 258048K, used 59546K [0x0000000080000000, 0x0000000100000000)
  region size 1024K, 11 young (11264K), 11 survivors (11264K)
 Metaspace       used 69605K, capacity 71278K, committed 71600K, reserved 1112064K
  class space    used 8737K, capacity 9370K, committed 9472K, reserved 1048576K
}
Event: 7.147 GC heap before
{Heap before GC invocations=11 (full 0):
 garbage-first heap   total 258048K, used 183450K [0x0000000080000000, 0x0000000100000000)
  region size 1024K, 132 young (135168K), 11 survivors (11264K)
 Metaspace       used 78887K, capacity 80744K, committed 81072K, reserved 1120256K
  class space    used 10157K, capacity 10885K, committed 11008K, reserved 1048576K
}
Event: 7.153 GC heap after
{Heap after GC invocations=12 (full 0):
 garbage-first heap   total 258048K, used 67912K [0x0000000080000000, 0x0000000100000000)
  region size 1024K, 9 young (9216K), 9 survivors (9216K)
 Metaspace       used 78887K, capacity 80744K, committed 81072K, reserved 1120256K
  class space    used 10157K, capacity 10885K, committed 11008K, reserved 1048576K
}
Event: 7.896 GC heap before
{Heap before GC invocations=12 (full 0):
 garbage-first heap   total 258048K, used 189768K [0x0000000080000000, 0x0000000100000000)
  region size 1024K, 128 young (131072K), 9 survivors (9216K)
 Metaspace       used 86827K, capacity 88944K, committed 89008K, reserved 1126400K
  class space    used 11211K, capacity 12026K, committed 12032K, reserved 1048576K
}
Event: 7.902 GC heap after
{Heap after GC invocations=13 (full 0):
 garbage-first heap   total 258048K, used 78077K [0x0000000080000000, 0x0000000100000000)
  region size 1024K, 16 young (16384K), 16 survivors (16384K)
 Metaspace       used 86827K, capacity 88944K, committed 89008K, reserved 1126400K
  class space    used 11211K, capacity 12026K, committed 12032K, reserved 1048576K
}
Event: 8.526 GC heap before
{Heap before GC invocations=13 (full 0):
 garbage-first heap   total 258048K, used 193789K [0x0000000080000000, 0x0000000100000000)
  region size 1024K, 130 young (133120K), 16 survivors (16384K)
 Metaspace       used 91290K, capacity 93972K, committed 94256K, reserved 1130496K
  class space    used 11795K, capacity 12815K, committed 12928K, reserved 1048576K
}
Event: 8.536 GC heap after
{Heap after GC invocations=14 (full 0):
 garbage-first heap   total 258048K, used 90841K [0x0000000080000000, 0x0000000100000000)
  region size 1024K, 13 young (13312K), 13 survivors (13312K)
 Metaspace       used 91290K, capacity 93972K, committed 94256K, reserved 1130496K
  class space    used 11795K, capacity 12815K, committed 12928K, reserved 1048576K
}
Event: 8.925 GC heap before
{Heap before GC invocations=14 (full 0):
 garbage-first heap   total 258048K, used 196313K [0x0000000080000000, 0x0000000100000000)
  region size 1024K, 117 young (119808K), 13 survivors (13312K)
 Metaspace       used 92485K, capacity 95209K, committed 95408K, reserved 1132544K
  class space    used 11875K, capacity 12934K, committed 13056K, reserved 1048576K
}
Event: 8.931 GC heap after
{Heap after GC invocations=15 (full 0):
 garbage-first heap   total 258048K, used 98405K [0x0000000080000000, 0x0000000100000000)
  region size 1024K, 8 young (8192K), 8 survivors (8192K)
 Metaspace       used 92485K, capacity 95209K, committed 95408K, reserved 1132544K
  class space    used 11875K, capacity 12934K, committed 13056K, reserved 1048576K
}
Event: 51.630 GC heap before
{Heap before GC invocations=15 (full 0):
 garbage-first heap   total 258048K, used 201829K [0x0000000080000000, 0x0000000100000000)
  region size 1024K, 110 young (112640K), 8 survivors (8192K)
 Metaspace       used 97625K, capacity 100427K, committed 100656K, reserved 1136640K
  class space    used 12284K, capacity 13353K, committed 13440K, reserved 1048576K
}
Event: 51.716 GC heap after
{Heap after GC invocations=16 (full 0):
 garbage-first heap   total 258048K, used 106496K [0x0000000080000000, 0x0000000100000000)
  region size 1024K, 14 young (14336K), 14 survivors (14336K)
 Metaspace       used 97625K, capacity 100427K, committed 100656K, reserved 1136640K
  class space    used 12284K, capacity 13353K, committed 13440K, reserved 1048576K
}
Event: 52.544 GC heap before
{Heap before GC invocations=16 (full 0):
 garbage-first heap   total 258048K, used 121856K [0x0000000080000000, 0x0000000100000000)
  region size 1024K, 30 young (30720K), 14 survivors (14336K)
 Metaspace       used 97967K, capacity 100848K, committed 100912K, reserved 1136640K
  class space    used 12328K, capacity 13406K, committed 13440K, reserved 1048576K
}
Event: 53.227 GC heap after
{Heap after GC invocations=17 (full 0):
 garbage-first heap   total 258048K, used 109225K [0x0000000080000000, 0x0000000100000000)
  region size 1024K, 3 young (3072K), 3 survivors (3072K)
 Metaspace       used 97967K, capacity 100848K, committed 100912K, reserved 1136640K
  class space    used 12328K, capacity 13406K, committed 13440K, reserved 1048576K
}
Event: 53.883 GC heap before
{Heap before GC invocations=18 (full 0):
 garbage-first heap   total 258048K, used 171689K [0x0000000080000000, 0x0000000100000000)
  region size 1024K, 65 young (66560K), 3 survivors (3072K)
 Metaspace       used 101701K, capacity 104287K, committed 105008K, reserved 1140736K
  class space    used 12765K, capacity 13737K, committed 13952K, reserved 1048576K
}
Event: 53.886 GC heap after
{Heap after GC invocations=19 (full 0):
 garbage-first heap   total 258048K, used 109126K [0x0000000080000000, 0x0000000100000000)
  region size 1024K, 3 young (3072K), 3 survivors (3072K)
 Metaspace       used 101701K, capacity 104287K, committed 105008K, reserved 1140736K
  class space    used 12765K, capacity 13737K, committed 13952K, reserved 1048576K
}
Event: 74.042 GC heap before
{Heap before GC invocations=19 (full 0):
 garbage-first heap   total 258048K, used 178758K [0x0000000080000000, 0x0000000100000000)
  region size 1024K, 72 young (73728K), 3 survivors (3072K)
 Metaspace       used 105667K, capacity 108496K, committed 108720K, reserved 1144832K
  class space    used 13238K, capacity 14279K, committed 14336K, reserved 1048576K
}
Event: 74.046 GC heap after
{Heap after GC invocations=20 (full 0):
 garbage-first heap   total 258048K, used 113761K [0x0000000080000000, 0x0000000100000000)
  region size 1024K, 7 young (7168K), 7 survivors (7168K)
 Metaspace       used 105667K, capacity 108496K, committed 108720K, reserved 1144832K
  class space    used 13238K, capacity 14279K, committed 14336K, reserved 1048576K
}

